2018-05-15 17:55:32,702  INFO  Application strat...
2018-05-15 17:55:39,271  INFO  ===== RegisterCollection Install IConcreteReportInfoBuilder =====
2018-05-15 17:55:39,283  INFO  Install ReportsVerification.Web.Builders.Interfaces.IConcreteReportInfoBuilder is ReportsVerification.Web.Builders.Fss4Builder by name Fss4Builder
2018-05-15 17:55:39,285  INFO  Install ReportsVerification.Web.Builders.Interfaces.IConcreteReportInfoBuilder is ReportsVerification.Web.Builders.PurchasesBookNdsInfoBuilder by name PurchasesBookNdsInfoBuilder
2018-05-15 17:55:39,286  INFO  Install ReportsVerification.Web.Builders.Interfaces.IConcreteReportInfoBuilder is ReportsVerification.Web.Builders.SalesBookNdsInfoBuilder by name SalesBookNdsInfoBuilder
2018-05-15 17:55:39,287  INFO  Install ReportsVerification.Web.Builders.Interfaces.IConcreteReportInfoBuilder is ReportsVerification.Web.Builders.AccountingStatementInfoBuilder by name AccountingStatementInfoBuilder
2018-05-15 17:55:39,288  INFO  Install ReportsVerification.Web.Builders.Interfaces.IConcreteReportInfoBuilder is ReportsVerification.Web.Builders.AccountingStatementSimplifiedTaxationInfoBuilder by name AccountingStatementSimplifiedTaxationInfoBuilder
2018-05-15 17:55:39,289  INFO  Install ReportsVerification.Web.Builders.Interfaces.IConcreteReportInfoBuilder is ReportsVerification.Web.Builders.CalculationAdvancePaymentInfoBuilder by name CalculationAdvancePaymentInfoBuilder
2018-05-15 17:55:39,291  INFO  Install ReportsVerification.Web.Builders.Interfaces.IConcreteReportInfoBuilder is ReportsVerification.Web.Builders.CalculationContributionsInfoBuilder by name CalculationContributionsInfoBuilder
2018-05-15 17:55:39,292  INFO  Install ReportsVerification.Web.Builders.Interfaces.IConcreteReportInfoBuilder is ReportsVerification.Web.Builders.DeclarationOnIncomeTaxInfoBuilder by name DeclarationOnIncomeTaxInfoBuilder
2018-05-15 17:55:39,293  INFO  Install ReportsVerification.Web.Builders.Interfaces.IConcreteReportInfoBuilder is ReportsVerification.Web.Builders.DeclarationOnLandTaxInfoBuilder by name DeclarationOnLandTaxInfoBuilder
2018-05-15 17:55:39,294  INFO  Install ReportsVerification.Web.Builders.Interfaces.IConcreteReportInfoBuilder is ReportsVerification.Web.Builders.DeclarationOnPropertyTaxInfoBuilder by name DeclarationOnPropertyTaxInfoBuilder
2018-05-15 17:55:39,295  INFO  Install ReportsVerification.Web.Builders.Interfaces.IConcreteReportInfoBuilder is ReportsVerification.Web.Builders.EnvdInfoBuilder by name EnvdInfoBuilder
2018-05-15 17:55:39,297  INFO  Install ReportsVerification.Web.Builders.Interfaces.IConcreteReportInfoBuilder is ReportsVerification.Web.Builders.Ndfl2InfoBuilder by name Ndfl2InfoBuilder
2018-05-15 17:55:39,298  INFO  Install ReportsVerification.Web.Builders.Interfaces.IConcreteReportInfoBuilder is ReportsVerification.Web.Builders.Ndfl6InfoBuilder by name Ndfl6InfoBuilder
2018-05-15 17:55:39,300  INFO  Install ReportsVerification.Web.Builders.Interfaces.IConcreteReportInfoBuilder is ReportsVerification.Web.Builders.NdsInfoBuilder by name NdsInfoBuilder
2018-05-15 17:55:39,301  INFO  Install ReportsVerification.Web.Builders.Interfaces.IConcreteReportInfoBuilder is ReportsVerification.Web.Builders.SzvMInfoBuilder by name SzvMInfoBuilder
2018-05-15 17:55:39,302  INFO  Install ReportsVerification.Web.Builders.Interfaces.IConcreteReportInfoBuilder is ReportsVerification.Web.Builders.TransportDeclarationInfoBuilder by name TransportDeclarationInfoBuilder
2018-05-15 17:55:39,303  INFO  Install ReportsVerification.Web.Builders.Interfaces.IConcreteReportInfoBuilder is ReportsVerification.Web.Builders.UsnInfoBuilder by name UsnInfoBuilder
2018-05-15 17:55:39,478  INFO  ===== RegisterCollection Install IConcreteReportFactory =====
2018-05-15 17:55:39,486  INFO  Install ReportsVerification.Web.Factories.Interfaces.IConcreteReportFactory is ReportsVerification.Web.Factories.Reports.Fss4Factory by name Fss4Factory
2018-05-15 17:55:39,487  INFO  Install ReportsVerification.Web.Factories.Interfaces.IConcreteReportFactory is ReportsVerification.Web.Factories.Reports.PurchasesBookNdsFactory by name PurchasesBookNdsFactory
2018-05-15 17:55:39,488  INFO  Install ReportsVerification.Web.Factories.Interfaces.IConcreteReportFactory is ReportsVerification.Web.Factories.Reports.SalesBookNdsFactory by name SalesBookNdsFactory
2018-05-15 17:55:39,489  INFO  Install ReportsVerification.Web.Factories.Interfaces.IConcreteReportFactory is ReportsVerification.Web.Factories.Reports.AccountingStatementFactory by name AccountingStatementFactory
2018-05-15 17:55:39,491  INFO  Install ReportsVerification.Web.Factories.Interfaces.IConcreteReportFactory is ReportsVerification.Web.Factories.Reports.AccountingStatementSimplifiedTaxationFactory by name AccountingStatementSimplifiedTaxationFactory
2018-05-15 17:55:39,492  INFO  Install ReportsVerification.Web.Factories.Interfaces.IConcreteReportFactory is ReportsVerification.Web.Factories.Reports.CalculationAdvancePaymentFactory by name CalculationAdvancePaymentFactory
2018-05-15 17:55:39,493  INFO  Install ReportsVerification.Web.Factories.Interfaces.IConcreteReportFactory is ReportsVerification.Web.Factories.Reports.CalculationContributionsFactory by name CalculationContributionsFactory
2018-05-15 17:55:39,494  INFO  Install ReportsVerification.Web.Factories.Interfaces.IConcreteReportFactory is ReportsVerification.Web.Factories.Reports.DeclarationOnIncomeTaxFactory by name DeclarationOnIncomeTaxFactory
2018-05-15 17:55:39,495  INFO  Install ReportsVerification.Web.Factories.Interfaces.IConcreteReportFactory is ReportsVerification.Web.Factories.Reports.DeclarationOnLandTaxFactory by name DeclarationOnLandTaxFactory
2018-05-15 17:55:39,496  INFO  Install ReportsVerification.Web.Factories.Interfaces.IConcreteReportFactory is ReportsVerification.Web.Factories.Reports.DeclarationOnPropertyTaxFactory by name DeclarationOnPropertyTaxFactory
2018-05-15 17:55:39,497  INFO  Install ReportsVerification.Web.Factories.Interfaces.IConcreteReportFactory is ReportsVerification.Web.Factories.Reports.EnvdFactory by name EnvdFactory
2018-05-15 17:55:39,498  INFO  Install ReportsVerification.Web.Factories.Interfaces.IConcreteReportFactory is ReportsVerification.Web.Factories.Reports.Ndfl2Factory by name Ndfl2Factory
2018-05-15 17:55:39,499  INFO  Install ReportsVerification.Web.Factories.Interfaces.IConcreteReportFactory is ReportsVerification.Web.Factories.Reports.Ndfl6Factory by name Ndfl6Factory
2018-05-15 17:55:39,500  INFO  Install ReportsVerification.Web.Factories.Interfaces.IConcreteReportFactory is ReportsVerification.Web.Factories.Reports.NdsFactory by name NdsFactory
2018-05-15 17:55:39,501  INFO  Install ReportsVerification.Web.Factories.Interfaces.IConcreteReportFactory is ReportsVerification.Web.Factories.Reports.SzvMFactory by name SzvMFactory
2018-05-15 17:55:39,503  INFO  Install ReportsVerification.Web.Factories.Interfaces.IConcreteReportFactory is ReportsVerification.Web.Factories.Reports.TransportDeclarationFactory by name TransportDeclarationFactory
2018-05-15 17:55:39,504  INFO  Install ReportsVerification.Web.Factories.Interfaces.IConcreteReportFactory is ReportsVerification.Web.Factories.Reports.UsnFactory by name UsnFactory
2018-05-15 17:55:39,543  INFO  ===== RegisterCollection Install IConcreteReportValidator =====
2018-05-15 17:55:39,550  INFO  Install ReportsVerification.Web.Services.Validation.Interfaces.IConcreteReportValidator is ReportsVerification.Web.Services.Validation.PrimaryValidation.ByInnReportValidator by name ByInnReportValidator
2018-05-15 17:55:39,551  INFO  Install ReportsVerification.Web.Services.Validation.Interfaces.IConcreteReportValidator is ReportsVerification.Web.Services.Validation.PrimaryValidation.ByYearNdfl2ReportValidator by name ByYearNdfl2ReportValidator
2018-05-15 17:55:39,552  INFO  Install ReportsVerification.Web.Services.Validation.Interfaces.IConcreteReportValidator is ReportsVerification.Web.Services.Validation.PrimaryValidation.ByYearReportValidator by name ByYearReportValidator
2018-05-15 17:55:39,553  INFO  Install ReportsVerification.Web.Services.Validation.Interfaces.IConcreteReportValidator is ReportsVerification.Web.Services.Validation.PrimaryValidation.IsUniqueReportValidator by name IsUniqueReportValidator
2018-05-15 17:55:39,554  INFO  Install ReportsVerification.Web.Services.Validation.Interfaces.IConcreteReportValidator is ReportsVerification.Web.Services.Validation.Nds.Nds4DeductionValidator by name Nds4DeductionValidator
2018-05-15 17:55:39,555  INFO  Install ReportsVerification.Web.Services.Validation.Interfaces.IConcreteReportValidator is ReportsVerification.Web.Services.Validation.Nds.Nds4VosmechenieValidator by name Nds4VosmechenieValidator
2018-05-15 17:55:39,557  INFO  Install ReportsVerification.Web.Services.Validation.Interfaces.IConcreteReportValidator is ReportsVerification.Web.Services.Validation.Nds.Nds1DeductionValidator by name Nds1DeductionValidator
2018-05-15 17:55:39,558  INFO  Install ReportsVerification.Web.Services.Validation.Interfaces.IConcreteReportValidator is ReportsVerification.Web.Services.Validation.Nds.Nds1VosmechenieValidator by name Nds1VosmechenieValidator
2018-05-15 17:55:39,560  INFO  Install ReportsVerification.Web.Services.Validation.Interfaces.IConcreteReportValidator is ReportsVerification.Web.Services.Validation.Nds.Nds2DeductionValidator by name Nds2DeductionValidator
2018-05-15 17:55:39,561  INFO  Install ReportsVerification.Web.Services.Validation.Interfaces.IConcreteReportValidator is ReportsVerification.Web.Services.Validation.Nds.Nds2VosmechenieValidator by name Nds2VosmechenieValidator
2018-05-15 17:55:39,562  INFO  Install ReportsVerification.Web.Services.Validation.Interfaces.IConcreteReportValidator is ReportsVerification.Web.Services.Validation.Nds.Nds3DeductionValidator by name Nds3DeductionValidator
2018-05-15 17:55:39,564  INFO  Install ReportsVerification.Web.Services.Validation.Interfaces.IConcreteReportValidator is ReportsVerification.Web.Services.Validation.Nds.Nds3VosmechenieValidator by name Nds3VosmechenieValidator
2018-05-15 17:55:39,565  INFO  Install ReportsVerification.Web.Services.Validation.Interfaces.IConcreteReportValidator is ReportsVerification.Web.Services.Validation.Ndfl6.Ndfl61TaxesValidator by name Ndfl61TaxesValidator
2018-05-15 17:55:39,566  INFO  Install ReportsVerification.Web.Services.Validation.Interfaces.IConcreteReportValidator is ReportsVerification.Web.Services.Validation.Ndfl6.Ndfl61WageMrotValidator by name Ndfl61WageMrotValidator
2018-05-15 17:55:39,567  INFO  Install ReportsVerification.Web.Services.Validation.Interfaces.IConcreteReportValidator is ReportsVerification.Web.Services.Validation.Ndfl6.Ndfl62TaxesValidator by name Ndfl62TaxesValidator
2018-05-15 17:55:39,568  INFO  Install ReportsVerification.Web.Services.Validation.Interfaces.IConcreteReportValidator is ReportsVerification.Web.Services.Validation.Ndfl6.Ndfl62WageMrotValidator by name Ndfl62WageMrotValidator
2018-05-15 17:55:39,569  INFO  Install ReportsVerification.Web.Services.Validation.Interfaces.IConcreteReportValidator is ReportsVerification.Web.Services.Validation.Ndfl6.Ndfl63TaxesValidator by name Ndfl63TaxesValidator
2018-05-15 17:55:39,570  INFO  Install ReportsVerification.Web.Services.Validation.Interfaces.IConcreteReportValidator is ReportsVerification.Web.Services.Validation.Ndfl6.Ndfl63WageMrotValidator by name Ndfl63WageMrotValidator
2018-05-15 17:55:39,571  INFO  Install ReportsVerification.Web.Services.Validation.Interfaces.IConcreteReportValidator is ReportsVerification.Web.Services.Validation.Ndfl6.Ndfl64TaxesValidator by name Ndfl64TaxesValidator
2018-05-15 17:55:39,572  INFO  Install ReportsVerification.Web.Services.Validation.Interfaces.IConcreteReportValidator is ReportsVerification.Web.Services.Validation.Ndfl6.Ndfl64WageMrotValidator by name Ndfl64WageMrotValidator
2018-05-15 17:55:39,573  INFO  Install ReportsVerification.Web.Services.Validation.Interfaces.IConcreteReportValidator is ReportsVerification.Web.Services.Validation.DeclarationOnIncomeTax.DirectCosts4Validator by name DirectCosts4Validator
2018-05-15 17:55:39,574  INFO  Install ReportsVerification.Web.Services.Validation.Interfaces.IConcreteReportValidator is ReportsVerification.Web.Services.Validation.DeclarationOnIncomeTax.Loss4Validator by name Loss4Validator
2018-05-15 17:55:39,575  INFO  Install ReportsVerification.Web.Services.Validation.Interfaces.IConcreteReportValidator is ReportsVerification.Web.Services.Validation.DeclarationOnIncomeTax.RevenuesNds1Validator by name RevenuesNds1Validator
2018-05-15 17:55:39,576  INFO  Install ReportsVerification.Web.Services.Validation.Interfaces.IConcreteReportValidator is ReportsVerification.Web.Services.Validation.DeclarationOnIncomeTax.RevenuesNds2Validator by name RevenuesNds2Validator
2018-05-15 17:55:39,577  INFO  Install ReportsVerification.Web.Services.Validation.Interfaces.IConcreteReportValidator is ReportsVerification.Web.Services.Validation.DeclarationOnIncomeTax.RevenuesNds4Validator by name RevenuesNds4Validator
2018-05-15 17:55:39,578  INFO  Install ReportsVerification.Web.Services.Validation.Interfaces.IConcreteReportValidator is ReportsVerification.Web.Services.Validation.DeclarationOnIncomeTax.RevenuesNds3Validator by name RevenuesNds3Validator
2018-05-15 17:55:39,579  INFO  Install ReportsVerification.Web.Services.Validation.Interfaces.IConcreteReportValidator is ReportsVerification.Web.Services.Validation.DeclarationOnIncomeTax.DirectCosts1Validator by name DirectCosts1Validator
2018-05-15 17:55:39,580  INFO  Install ReportsVerification.Web.Services.Validation.Interfaces.IConcreteReportValidator is ReportsVerification.Web.Services.Validation.DeclarationOnIncomeTax.DirectCosts2Validator by name DirectCosts2Validator
2018-05-15 17:55:39,581  INFO  Install ReportsVerification.Web.Services.Validation.Interfaces.IConcreteReportValidator is ReportsVerification.Web.Services.Validation.DeclarationOnIncomeTax.DirectCosts3Validator by name DirectCosts3Validator
2018-05-15 17:55:39,582  INFO  Install ReportsVerification.Web.Services.Validation.Interfaces.IConcreteReportValidator is ReportsVerification.Web.Services.Validation.DeclarationOnIncomeTax.Loss1Validator by name Loss1Validator
2018-05-15 17:55:39,583  INFO  Install ReportsVerification.Web.Services.Validation.Interfaces.IConcreteReportValidator is ReportsVerification.Web.Services.Validation.DeclarationOnIncomeTax.Loss2Validator by name Loss2Validator
2018-05-15 17:55:39,584  INFO  Install ReportsVerification.Web.Services.Validation.Interfaces.IConcreteReportValidator is ReportsVerification.Web.Services.Validation.DeclarationOnIncomeTax.Loss3Validator by name Loss3Validator
2018-05-15 17:55:39,585  INFO  Install ReportsVerification.Web.Services.Validation.Interfaces.IConcreteReportValidator is ReportsVerification.Web.Services.Validation.CalculationContributions.WithNdfl6Base.WithNdfl6Base1Validator by name WithNdfl6Base1Validator
2018-05-15 17:55:39,586  INFO  Install ReportsVerification.Web.Services.Validation.Interfaces.IConcreteReportValidator is ReportsVerification.Web.Services.Validation.CalculationContributions.WithNdfl6Base.WithNdfl6Base2Validator by name WithNdfl6Base2Validator
2018-05-15 17:55:39,587  INFO  Install ReportsVerification.Web.Services.Validation.Interfaces.IConcreteReportValidator is ReportsVerification.Web.Services.Validation.CalculationContributions.WithNdfl6Base.WithNdfl6Base3Validator by name WithNdfl6Base3Validator
2018-05-15 17:55:39,588  INFO  Install ReportsVerification.Web.Services.Validation.Interfaces.IConcreteReportValidator is ReportsVerification.Web.Services.Validation.CalculationContributions.WithNdfl6Base.WithNdfl6Base4Validator by name WithNdfl6Base4Validator
2018-05-15 17:55:39,589  INFO  Install ReportsVerification.Web.Services.Validation.Interfaces.IConcreteReportValidator is ReportsVerification.Web.Services.Validation.CalculationContributions.SecondErrors.SecondErrors11Validator by name SecondErrors11Validator
2018-05-15 17:55:39,591  INFO  Install ReportsVerification.Web.Services.Validation.Interfaces.IConcreteReportValidator is ReportsVerification.Web.Services.Validation.CalculationContributions.SecondErrors.SecondErrors12Validator by name SecondErrors12Validator
2018-05-15 17:55:39,592  INFO  Install ReportsVerification.Web.Services.Validation.Interfaces.IConcreteReportValidator is ReportsVerification.Web.Services.Validation.CalculationContributions.SecondErrors.SecondErrors13Validator by name SecondErrors13Validator
2018-05-15 17:55:39,593  INFO  Install ReportsVerification.Web.Services.Validation.Interfaces.IConcreteReportValidator is ReportsVerification.Web.Services.Validation.CalculationContributions.SecondErrors.SecondErrors21Validator by name SecondErrors21Validator
2018-05-15 17:55:39,594  INFO  Install ReportsVerification.Web.Services.Validation.Interfaces.IConcreteReportValidator is ReportsVerification.Web.Services.Validation.CalculationContributions.SecondErrors.SecondErrors22Validator by name SecondErrors22Validator
2018-05-15 17:55:39,595  INFO  Install ReportsVerification.Web.Services.Validation.Interfaces.IConcreteReportValidator is ReportsVerification.Web.Services.Validation.CalculationContributions.SecondErrors.SecondErrors23Validator by name SecondErrors23Validator
2018-05-15 17:55:39,595  INFO  Install ReportsVerification.Web.Services.Validation.Interfaces.IConcreteReportValidator is ReportsVerification.Web.Services.Validation.CalculationContributions.SecondErrors.SecondErrors41Validator by name SecondErrors41Validator
2018-05-15 17:55:39,596  INFO  Install ReportsVerification.Web.Services.Validation.Interfaces.IConcreteReportValidator is ReportsVerification.Web.Services.Validation.CalculationContributions.SecondErrors.SecondErrors31Validator by name SecondErrors31Validator
2018-05-15 17:55:39,597  INFO  Install ReportsVerification.Web.Services.Validation.Interfaces.IConcreteReportValidator is ReportsVerification.Web.Services.Validation.CalculationContributions.SecondErrors.SecondErrors42Validator by name SecondErrors42Validator
2018-05-15 17:55:39,598  INFO  Install ReportsVerification.Web.Services.Validation.Interfaces.IConcreteReportValidator is ReportsVerification.Web.Services.Validation.CalculationContributions.SecondErrors.SecondErrors32Validator by name SecondErrors32Validator
2018-05-15 17:55:39,599  INFO  Install ReportsVerification.Web.Services.Validation.Interfaces.IConcreteReportValidator is ReportsVerification.Web.Services.Validation.CalculationContributions.SecondErrors.SecondErrors43Validator by name SecondErrors43Validator
2018-05-15 17:55:39,600  INFO  Install ReportsVerification.Web.Services.Validation.Interfaces.IConcreteReportValidator is ReportsVerification.Web.Services.Validation.CalculationContributions.SecondErrors.SecondErrors33Validator by name SecondErrors33Validator
2018-05-15 17:55:39,602  INFO  Install ReportsVerification.Web.Services.Validation.Interfaces.IConcreteReportValidator is ReportsVerification.Web.Services.Validation.CalculationContributions.FirstErrors.First41ErrorsValidator by name First41ErrorsValidator
2018-05-15 17:55:39,603  INFO  Install ReportsVerification.Web.Services.Validation.Interfaces.IConcreteReportValidator is ReportsVerification.Web.Services.Validation.CalculationContributions.FirstErrors.First42ErrorsValidator by name First42ErrorsValidator
2018-05-15 17:55:39,604  INFO  Install ReportsVerification.Web.Services.Validation.Interfaces.IConcreteReportValidator is ReportsVerification.Web.Services.Validation.CalculationContributions.FirstErrors.First43ErrorsValidator by name First43ErrorsValidator
2018-05-15 17:55:39,606  INFO  Install ReportsVerification.Web.Services.Validation.Interfaces.IConcreteReportValidator is ReportsVerification.Web.Services.Validation.CalculationContributions.FirstErrors.First11ErrorsValidator by name First11ErrorsValidator
2018-05-15 17:55:39,607  INFO  Install ReportsVerification.Web.Services.Validation.Interfaces.IConcreteReportValidator is ReportsVerification.Web.Services.Validation.CalculationContributions.FirstErrors.First12ErrorsValidator by name First12ErrorsValidator
2018-05-15 17:55:39,608  INFO  Install ReportsVerification.Web.Services.Validation.Interfaces.IConcreteReportValidator is ReportsVerification.Web.Services.Validation.CalculationContributions.FirstErrors.First13ErrorsValidator by name First13ErrorsValidator
2018-05-15 17:55:39,609  INFO  Install ReportsVerification.Web.Services.Validation.Interfaces.IConcreteReportValidator is ReportsVerification.Web.Services.Validation.CalculationContributions.FirstErrors.First21ErrorsValidator by name First21ErrorsValidator
2018-05-15 17:55:39,611  INFO  Install ReportsVerification.Web.Services.Validation.Interfaces.IConcreteReportValidator is ReportsVerification.Web.Services.Validation.CalculationContributions.FirstErrors.First22ErrorsValidator by name First22ErrorsValidator
2018-05-15 17:55:39,612  INFO  Install ReportsVerification.Web.Services.Validation.Interfaces.IConcreteReportValidator is ReportsVerification.Web.Services.Validation.CalculationContributions.FirstErrors.First23ErrorsValidator by name First23ErrorsValidator
2018-05-15 17:55:39,613  INFO  Install ReportsVerification.Web.Services.Validation.Interfaces.IConcreteReportValidator is ReportsVerification.Web.Services.Validation.CalculationContributions.FirstErrors.First31ErrorsValidator by name First31ErrorsValidator
2018-05-15 17:55:39,614  INFO  Install ReportsVerification.Web.Services.Validation.Interfaces.IConcreteReportValidator is ReportsVerification.Web.Services.Validation.CalculationContributions.FirstErrors.First32ErrorsValidator by name First32ErrorsValidator
2018-05-15 17:55:39,615  INFO  Install ReportsVerification.Web.Services.Validation.Interfaces.IConcreteReportValidator is ReportsVerification.Web.Services.Validation.CalculationContributions.FirstErrors.First33ErrorsValidator by name First33ErrorsValidator
2018-05-15 17:55:39,616  INFO  Install ReportsVerification.Web.Services.Validation.Interfaces.IConcreteReportValidator is ReportsVerification.Web.Services.Validation.CalculationContributionsVsSzvm.CalculationContributionsVsSzvm11Validator by name CalculationContributionsVsSzvm11Validator
2018-05-15 17:55:39,618  INFO  Install ReportsVerification.Web.Services.Validation.Interfaces.IConcreteReportValidator is ReportsVerification.Web.Services.Validation.CalculationContributionsVsSzvm.CalculationContributionsVsSzvm12Validator by name CalculationContributionsVsSzvm12Validator
2018-05-15 17:55:39,619  INFO  Install ReportsVerification.Web.Services.Validation.Interfaces.IConcreteReportValidator is ReportsVerification.Web.Services.Validation.CalculationContributionsVsSzvm.CalculationContributionsVsSzvm13Validator by name CalculationContributionsVsSzvm13Validator
2018-05-15 17:55:39,620  INFO  Install ReportsVerification.Web.Services.Validation.Interfaces.IConcreteReportValidator is ReportsVerification.Web.Services.Validation.CalculationContributionsVsSzvm.CalculationContributionsVsSzvm24Validator by name CalculationContributionsVsSzvm24Validator
2018-05-15 17:55:39,622  INFO  Install ReportsVerification.Web.Services.Validation.Interfaces.IConcreteReportValidator is ReportsVerification.Web.Services.Validation.CalculationContributionsVsSzvm.CalculationContributionsVsSzvm25Validator by name CalculationContributionsVsSzvm25Validator
2018-05-15 17:55:39,623  INFO  Install ReportsVerification.Web.Services.Validation.Interfaces.IConcreteReportValidator is ReportsVerification.Web.Services.Validation.CalculationContributionsVsSzvm.CalculationContributionsVsSzvm26Validator by name CalculationContributionsVsSzvm26Validator
2018-05-15 17:55:39,624  INFO  Install ReportsVerification.Web.Services.Validation.Interfaces.IConcreteReportValidator is ReportsVerification.Web.Services.Validation.CalculationContributionsVsSzvm.CalculationContributionsVsSzvm410Validator by name CalculationContributionsVsSzvm410Validator
2018-05-15 17:55:39,625  INFO  Install ReportsVerification.Web.Services.Validation.Interfaces.IConcreteReportValidator is ReportsVerification.Web.Services.Validation.CalculationContributionsVsSzvm.CalculationContributionsVsSzvm37Validator by name CalculationContributionsVsSzvm37Validator
2018-05-15 17:55:39,627  INFO  Install ReportsVerification.Web.Services.Validation.Interfaces.IConcreteReportValidator is ReportsVerification.Web.Services.Validation.CalculationContributionsVsSzvm.CalculationContributionsVsSzvm411Validator by name CalculationContributionsVsSzvm411Validator
2018-05-15 17:55:39,628  INFO  Install ReportsVerification.Web.Services.Validation.Interfaces.IConcreteReportValidator is ReportsVerification.Web.Services.Validation.CalculationContributionsVsSzvm.CalculationContributionsVsSzvm38Validator by name CalculationContributionsVsSzvm38Validator
2018-05-15 17:55:39,629  INFO  Install ReportsVerification.Web.Services.Validation.Interfaces.IConcreteReportValidator is ReportsVerification.Web.Services.Validation.CalculationContributionsVsSzvm.CalculationContributionsVsSzvm412Validator by name CalculationContributionsVsSzvm412Validator
2018-05-15 17:55:39,631  INFO  Install ReportsVerification.Web.Services.Validation.Interfaces.IConcreteReportValidator is ReportsVerification.Web.Services.Validation.CalculationContributionsVsSzvm.CalculationContributionsVsSzvm39Validator by name CalculationContributionsVsSzvm39Validator
2018-05-15 17:55:39,632  INFO  Install ReportsVerification.Web.Services.Validation.Interfaces.IConcreteReportValidator is ReportsVerification.Web.Services.Validation.Ndfl6VsNdfl2.Ndfl6Vs2Rate13Validator by name Ndfl6Vs2Rate13Validator
2018-05-15 17:55:39,633  INFO  Install ReportsVerification.Web.Services.Validation.Interfaces.IConcreteReportValidator is ReportsVerification.Web.Services.Validation.Ndfl6VsNdfl2.Ndfl6Vs2Rate9Validator by name Ndfl6Vs2Rate9Validator
2018-05-15 17:55:39,635  INFO  Install ReportsVerification.Web.Services.Validation.Interfaces.IConcreteReportValidator is ReportsVerification.Web.Services.Validation.Ndfl6VsNdfl2.Ndfl6Vs2Rate15Validator by name Ndfl6Vs2Rate15Validator
2018-05-15 17:55:39,636  INFO  Install ReportsVerification.Web.Services.Validation.Interfaces.IConcreteReportValidator is ReportsVerification.Web.Services.Validation.Ndfl6VsNdfl2.Ndfl6Vs2Rate35Validator by name Ndfl6Vs2Rate35Validator
2018-05-15 17:55:39,637  INFO  Install ReportsVerification.Web.Services.Validation.Interfaces.IConcreteReportValidator is ReportsVerification.Web.Services.Validation.Ndfl6VsNdfl2.Ndfl6Vs2Rate13DivValidator by name Ndfl6Vs2Rate13DivValidator
2018-05-15 17:55:39,639  INFO  Install ReportsVerification.Web.Services.Validation.Interfaces.IConcreteReportValidator is ReportsVerification.Web.Services.Validation.Ndfl6VsNdfl2.Ndfl6Vs2Rate15DivValidator by name Ndfl6Vs2Rate15DivValidator
2018-05-15 17:55:39,640  INFO  Install ReportsVerification.Web.Services.Validation.Interfaces.IConcreteReportValidator is ReportsVerification.Web.Services.Validation.Ndfl6VsNdfl2.Ndfl6Vs2Rate13TaxSumValidator by name Ndfl6Vs2Rate13TaxSumValidator
2018-05-15 17:55:39,641  INFO  Install ReportsVerification.Web.Services.Validation.Interfaces.IConcreteReportValidator is ReportsVerification.Web.Services.Validation.Ndfl6VsNdfl2.Ndfl6Vs2Rate9TaxSumValidator by name Ndfl6Vs2Rate9TaxSumValidator
2018-05-15 17:55:39,643  INFO  Install ReportsVerification.Web.Services.Validation.Interfaces.IConcreteReportValidator is ReportsVerification.Web.Services.Validation.Ndfl6VsNdfl2.Ndfl6Vs2Rate15TaxSumValidator by name Ndfl6Vs2Rate15TaxSumValidator
2018-05-15 17:55:39,644  INFO  Install ReportsVerification.Web.Services.Validation.Interfaces.IConcreteReportValidator is ReportsVerification.Web.Services.Validation.Ndfl6VsNdfl2.Ndfl6Vs2Rate35TaxSumValidator by name Ndfl6Vs2Rate35TaxSumValidator
2018-05-15 17:55:39,645  INFO  Install ReportsVerification.Web.Services.Validation.Interfaces.IConcreteReportValidator is ReportsVerification.Web.Services.Validation.Ndfl6VsNdfl2.Ndfl6Vs2PersonsAmountValidator by name Ndfl6Vs2PersonsAmountValidator
2018-05-15 17:55:39,646  INFO  Install ReportsVerification.Web.Services.Validation.Interfaces.IConcreteReportValidator is ReportsVerification.Web.Services.Validation.Ndfl6VsNdfl2.Ndfl6Vs2TaxNuValidator by name Ndfl6Vs2TaxNuValidator
2018-05-15 17:55:39,647  INFO  Install ReportsVerification.Web.Services.Validation.Interfaces.IConcreteReportValidator is ReportsVerification.Web.Services.Validation.AccountingStatement.AccountingStatement10Q1Validtor by name AccountingStatement10Q1Validtor
2018-05-15 17:55:39,648  INFO  Install ReportsVerification.Web.Services.Validation.Interfaces.IConcreteReportValidator is ReportsVerification.Web.Services.Validation.AccountingStatement.AccountingStatement10Q2Validtor by name AccountingStatement10Q2Validtor
2018-05-15 17:55:39,649  INFO  Install ReportsVerification.Web.Services.Validation.Interfaces.IConcreteReportValidator is ReportsVerification.Web.Services.Validation.AccountingStatement.AccountingStatement10Q3Validtor by name AccountingStatement10Q3Validtor
2018-05-15 17:55:39,651  INFO  Install ReportsVerification.Web.Services.Validation.Interfaces.IConcreteReportValidator is ReportsVerification.Web.Services.Validation.AccountingStatement.AccountingStatement10Q4Validtor by name AccountingStatement10Q4Validtor
2018-05-15 17:55:39,652  INFO  Install ReportsVerification.Web.Services.Validation.Interfaces.IConcreteReportValidator is ReportsVerification.Web.Services.Validation.AccountingStatement.AccountingStatement11Q1Validtor by name AccountingStatement11Q1Validtor
2018-05-15 17:55:39,653  INFO  Install ReportsVerification.Web.Services.Validation.Interfaces.IConcreteReportValidator is ReportsVerification.Web.Services.Validation.AccountingStatement.AccountingStatement11Q2Validtor by name AccountingStatement11Q2Validtor
2018-05-15 17:55:39,654  INFO  Install ReportsVerification.Web.Services.Validation.Interfaces.IConcreteReportValidator is ReportsVerification.Web.Services.Validation.AccountingStatement.AccountingStatement11Q3Validtor by name AccountingStatement11Q3Validtor
2018-05-15 17:55:39,654  INFO  Install ReportsVerification.Web.Services.Validation.Interfaces.IConcreteReportValidator is ReportsVerification.Web.Services.Validation.AccountingStatement.AccountingStatement11Q4Validtor by name AccountingStatement11Q4Validtor
2018-05-15 17:55:39,655  INFO  Install ReportsVerification.Web.Services.Validation.Interfaces.IConcreteReportValidator is ReportsVerification.Web.Services.Validation.AccountingStatement.AccountingStatement12Q1Validtor by name AccountingStatement12Q1Validtor
2018-05-15 17:55:39,656  INFO  Install ReportsVerification.Web.Services.Validation.Interfaces.IConcreteReportValidator is ReportsVerification.Web.Services.Validation.AccountingStatement.AccountingStatement12Q2Validtor by name AccountingStatement12Q2Validtor
2018-05-15 17:55:39,657  INFO  Install ReportsVerification.Web.Services.Validation.Interfaces.IConcreteReportValidator is ReportsVerification.Web.Services.Validation.AccountingStatement.AccountingStatement12Q3Validtor by name AccountingStatement12Q3Validtor
2018-05-15 17:55:39,658  INFO  Install ReportsVerification.Web.Services.Validation.Interfaces.IConcreteReportValidator is ReportsVerification.Web.Services.Validation.AccountingStatement.AccountingStatement12Q4Validtor by name AccountingStatement12Q4Validtor
2018-05-15 17:55:39,659  INFO  Install ReportsVerification.Web.Services.Validation.Interfaces.IConcreteReportValidator is ReportsVerification.Web.Services.Validation.AccountingStatement.AccountingStatement13Q1Validtor by name AccountingStatement13Q1Validtor
2018-05-15 17:55:39,660  INFO  Install ReportsVerification.Web.Services.Validation.Interfaces.IConcreteReportValidator is ReportsVerification.Web.Services.Validation.AccountingStatement.AccountingStatement13Q2Validtor by name AccountingStatement13Q2Validtor
2018-05-15 17:55:39,661  INFO  Install ReportsVerification.Web.Services.Validation.Interfaces.IConcreteReportValidator is ReportsVerification.Web.Services.Validation.AccountingStatement.AccountingStatement13Q3Validtor by name AccountingStatement13Q3Validtor
2018-05-15 17:55:39,662  INFO  Install ReportsVerification.Web.Services.Validation.Interfaces.IConcreteReportValidator is ReportsVerification.Web.Services.Validation.AccountingStatement.AccountingStatement13Q4Validtor by name AccountingStatement13Q4Validtor
2018-05-15 17:55:39,663  INFO  Install ReportsVerification.Web.Services.Validation.Interfaces.IConcreteReportValidator is ReportsVerification.Web.Services.Validation.AccountingStatement.AccountingStatement14Q1Validtor by name AccountingStatement14Q1Validtor
2018-05-15 17:55:39,664  INFO  Install ReportsVerification.Web.Services.Validation.Interfaces.IConcreteReportValidator is ReportsVerification.Web.Services.Validation.AccountingStatement.AccountingStatement14Q2Validtor by name AccountingStatement14Q2Validtor
2018-05-15 17:55:39,664  INFO  Install ReportsVerification.Web.Services.Validation.Interfaces.IConcreteReportValidator is ReportsVerification.Web.Services.Validation.AccountingStatement.AccountingStatement14Q3Validtor by name AccountingStatement14Q3Validtor
2018-05-15 17:55:39,665  INFO  Install ReportsVerification.Web.Services.Validation.Interfaces.IConcreteReportValidator is ReportsVerification.Web.Services.Validation.AccountingStatement.AccountingStatement14Q4Validtor by name AccountingStatement14Q4Validtor
2018-05-15 17:55:39,666  INFO  Install ReportsVerification.Web.Services.Validation.Interfaces.IConcreteReportValidator is ReportsVerification.Web.Services.Validation.AccountingStatement.AccountingStatement15Q1Validtor by name AccountingStatement15Q1Validtor
2018-05-15 17:55:39,667  INFO  Install ReportsVerification.Web.Services.Validation.Interfaces.IConcreteReportValidator is ReportsVerification.Web.Services.Validation.AccountingStatement.AccountingStatement15Q2Validtor by name AccountingStatement15Q2Validtor
2018-05-15 17:55:39,667  INFO  Install ReportsVerification.Web.Services.Validation.Interfaces.IConcreteReportValidator is ReportsVerification.Web.Services.Validation.AccountingStatement.AccountingStatement15Q3Validtor by name AccountingStatement15Q3Validtor
2018-05-15 17:55:39,668  INFO  Install ReportsVerification.Web.Services.Validation.Interfaces.IConcreteReportValidator is ReportsVerification.Web.Services.Validation.AccountingStatement.AccountingStatement15Q4Validtor by name AccountingStatement15Q4Validtor
2018-05-15 17:55:39,669  INFO  Install ReportsVerification.Web.Services.Validation.Interfaces.IConcreteReportValidator is ReportsVerification.Web.Services.Validation.AccountingStatement.AccountingStatement16Q1Validtor by name AccountingStatement16Q1Validtor
2018-05-15 17:55:39,670  INFO  Install ReportsVerification.Web.Services.Validation.Interfaces.IConcreteReportValidator is ReportsVerification.Web.Services.Validation.AccountingStatement.AccountingStatement16Q2Validtor by name AccountingStatement16Q2Validtor
2018-05-15 17:55:39,670  INFO  Install ReportsVerification.Web.Services.Validation.Interfaces.IConcreteReportValidator is ReportsVerification.Web.Services.Validation.AccountingStatement.AccountingStatement16Q3Validtor by name AccountingStatement16Q3Validtor
2018-05-15 17:55:39,671  INFO  Install ReportsVerification.Web.Services.Validation.Interfaces.IConcreteReportValidator is ReportsVerification.Web.Services.Validation.AccountingStatement.AccountingStatement16Q4Validtor by name AccountingStatement16Q4Validtor
2018-05-15 17:55:39,672  INFO  Install ReportsVerification.Web.Services.Validation.Interfaces.IConcreteReportValidator is ReportsVerification.Web.Services.Validation.AccountingStatement.AccountingStatement17Q1Validtor by name AccountingStatement17Q1Validtor
2018-05-15 17:55:39,673  INFO  Install ReportsVerification.Web.Services.Validation.Interfaces.IConcreteReportValidator is ReportsVerification.Web.Services.Validation.AccountingStatement.AccountingStatement17Q2Validtor by name AccountingStatement17Q2Validtor
2018-05-15 17:55:39,674  INFO  Install ReportsVerification.Web.Services.Validation.Interfaces.IConcreteReportValidator is ReportsVerification.Web.Services.Validation.AccountingStatement.AccountingStatement17Q3Validtor by name AccountingStatement17Q3Validtor
2018-05-15 17:55:39,674  INFO  Install ReportsVerification.Web.Services.Validation.Interfaces.IConcreteReportValidator is ReportsVerification.Web.Services.Validation.AccountingStatement.AccountingStatement17Q4Validtor by name AccountingStatement17Q4Validtor
2018-05-15 17:55:39,675  INFO  Install ReportsVerification.Web.Services.Validation.Interfaces.IConcreteReportValidator is ReportsVerification.Web.Services.Validation.AccountingStatement.AccountingStatement18Q1Validtor by name AccountingStatement18Q1Validtor
2018-05-15 17:55:39,676  INFO  Install ReportsVerification.Web.Services.Validation.Interfaces.IConcreteReportValidator is ReportsVerification.Web.Services.Validation.AccountingStatement.AccountingStatement18Q2Validtor by name AccountingStatement18Q2Validtor
2018-05-15 17:55:39,677  INFO  Install ReportsVerification.Web.Services.Validation.Interfaces.IConcreteReportValidator is ReportsVerification.Web.Services.Validation.AccountingStatement.AccountingStatement18Q3Validtor by name AccountingStatement18Q3Validtor
2018-05-15 17:55:39,678  INFO  Install ReportsVerification.Web.Services.Validation.Interfaces.IConcreteReportValidator is ReportsVerification.Web.Services.Validation.AccountingStatement.AccountingStatement18Q4Validtor by name AccountingStatement18Q4Validtor
2018-05-15 17:55:39,678  INFO  Install ReportsVerification.Web.Services.Validation.Interfaces.IConcreteReportValidator is ReportsVerification.Web.Services.Validation.AccountingStatement.AccountingStatement19Q1Validtor by name AccountingStatement19Q1Validtor
2018-05-15 17:55:39,679  INFO  Install ReportsVerification.Web.Services.Validation.Interfaces.IConcreteReportValidator is ReportsVerification.Web.Services.Validation.AccountingStatement.AccountingStatement19Q2Validtor by name AccountingStatement19Q2Validtor
2018-05-15 17:55:39,680  INFO  Install ReportsVerification.Web.Services.Validation.Interfaces.IConcreteReportValidator is ReportsVerification.Web.Services.Validation.AccountingStatement.AccountingStatement19Q3Validtor by name AccountingStatement19Q3Validtor
2018-05-15 17:55:39,681  INFO  Install ReportsVerification.Web.Services.Validation.Interfaces.IConcreteReportValidator is ReportsVerification.Web.Services.Validation.AccountingStatement.AccountingStatement19Q4Validtor by name AccountingStatement19Q4Validtor
2018-05-15 17:55:39,682  INFO  Install ReportsVerification.Web.Services.Validation.Interfaces.IConcreteReportValidator is ReportsVerification.Web.Services.Validation.AccountingStatement.AccountingStatement1Q1Validtor by name AccountingStatement1Q1Validtor
2018-05-15 17:55:39,683  INFO  Install ReportsVerification.Web.Services.Validation.Interfaces.IConcreteReportValidator is ReportsVerification.Web.Services.Validation.AccountingStatement.AccountingStatement1Q2Validtor by name AccountingStatement1Q2Validtor
2018-05-15 17:55:39,685  INFO  Install ReportsVerification.Web.Services.Validation.Interfaces.IConcreteReportValidator is ReportsVerification.Web.Services.Validation.AccountingStatement.AccountingStatement1Q3Validtor by name AccountingStatement1Q3Validtor
2018-05-15 17:55:39,686  INFO  Install ReportsVerification.Web.Services.Validation.Interfaces.IConcreteReportValidator is ReportsVerification.Web.Services.Validation.AccountingStatement.AccountingStatement1Q4Validtor by name AccountingStatement1Q4Validtor
2018-05-15 17:55:39,687  INFO  Install ReportsVerification.Web.Services.Validation.Interfaces.IConcreteReportValidator is ReportsVerification.Web.Services.Validation.AccountingStatement.AccountingStatement20Q1Validtor by name AccountingStatement20Q1Validtor
2018-05-15 17:55:39,689  INFO  Install ReportsVerification.Web.Services.Validation.Interfaces.IConcreteReportValidator is ReportsVerification.Web.Services.Validation.AccountingStatement.AccountingStatement20Q2Validtor by name AccountingStatement20Q2Validtor
2018-05-15 17:55:39,690  INFO  Install ReportsVerification.Web.Services.Validation.Interfaces.IConcreteReportValidator is ReportsVerification.Web.Services.Validation.AccountingStatement.AccountingStatement20Q3Validtor by name AccountingStatement20Q3Validtor
2018-05-15 17:55:39,691  INFO  Install ReportsVerification.Web.Services.Validation.Interfaces.IConcreteReportValidator is ReportsVerification.Web.Services.Validation.AccountingStatement.AccountingStatement20Q4Validtor by name AccountingStatement20Q4Validtor
2018-05-15 17:55:39,692  INFO  Install ReportsVerification.Web.Services.Validation.Interfaces.IConcreteReportValidator is ReportsVerification.Web.Services.Validation.AccountingStatement.AccountingStatement21Q1Validtor by name AccountingStatement21Q1Validtor
2018-05-15 17:55:39,693  INFO  Install ReportsVerification.Web.Services.Validation.Interfaces.IConcreteReportValidator is ReportsVerification.Web.Services.Validation.AccountingStatement.AccountingStatement21Q2Validtor by name AccountingStatement21Q2Validtor
2018-05-15 17:55:39,694  INFO  Install ReportsVerification.Web.Services.Validation.Interfaces.IConcreteReportValidator is ReportsVerification.Web.Services.Validation.AccountingStatement.AccountingStatement21Q3Validtor by name AccountingStatement21Q3Validtor
2018-05-15 17:55:39,695  INFO  Install ReportsVerification.Web.Services.Validation.Interfaces.IConcreteReportValidator is ReportsVerification.Web.Services.Validation.AccountingStatement.AccountingStatement21Q4Validtor by name AccountingStatement21Q4Validtor
2018-05-15 17:55:39,696  INFO  Install ReportsVerification.Web.Services.Validation.Interfaces.IConcreteReportValidator is ReportsVerification.Web.Services.Validation.AccountingStatement.AccountingStatement22Q1Validtor by name AccountingStatement22Q1Validtor
2018-05-15 17:55:39,696  INFO  Install ReportsVerification.Web.Services.Validation.Interfaces.IConcreteReportValidator is ReportsVerification.Web.Services.Validation.AccountingStatement.AccountingStatement22Q2Validtor by name AccountingStatement22Q2Validtor
2018-05-15 17:55:39,697  INFO  Install ReportsVerification.Web.Services.Validation.Interfaces.IConcreteReportValidator is ReportsVerification.Web.Services.Validation.AccountingStatement.AccountingStatement22Q3Validtor by name AccountingStatement22Q3Validtor
2018-05-15 17:55:39,698  INFO  Install ReportsVerification.Web.Services.Validation.Interfaces.IConcreteReportValidator is ReportsVerification.Web.Services.Validation.AccountingStatement.AccountingStatement22Q4Validtor by name AccountingStatement22Q4Validtor
2018-05-15 17:55:39,699  INFO  Install ReportsVerification.Web.Services.Validation.Interfaces.IConcreteReportValidator is ReportsVerification.Web.Services.Validation.AccountingStatement.AccountingStatement23Q1Validtor by name AccountingStatement23Q1Validtor
2018-05-15 17:55:39,700  INFO  Install ReportsVerification.Web.Services.Validation.Interfaces.IConcreteReportValidator is ReportsVerification.Web.Services.Validation.AccountingStatement.AccountingStatement23Q2Validtor by name AccountingStatement23Q2Validtor
2018-05-15 17:55:39,701  INFO  Install ReportsVerification.Web.Services.Validation.Interfaces.IConcreteReportValidator is ReportsVerification.Web.Services.Validation.AccountingStatement.AccountingStatement23Q3Validtor by name AccountingStatement23Q3Validtor
2018-05-15 17:55:39,701  INFO  Install ReportsVerification.Web.Services.Validation.Interfaces.IConcreteReportValidator is ReportsVerification.Web.Services.Validation.AccountingStatement.AccountingStatement23Q4Validtor by name AccountingStatement23Q4Validtor
2018-05-15 17:55:39,702  INFO  Install ReportsVerification.Web.Services.Validation.Interfaces.IConcreteReportValidator is ReportsVerification.Web.Services.Validation.AccountingStatement.AccountingStatement24Q1Validtor by name AccountingStatement24Q1Validtor
2018-05-15 17:55:39,703  INFO  Install ReportsVerification.Web.Services.Validation.Interfaces.IConcreteReportValidator is ReportsVerification.Web.Services.Validation.AccountingStatement.AccountingStatement24Q2Validtor by name AccountingStatement24Q2Validtor
2018-05-15 17:55:39,704  INFO  Install ReportsVerification.Web.Services.Validation.Interfaces.IConcreteReportValidator is ReportsVerification.Web.Services.Validation.AccountingStatement.AccountingStatement24Q3Validtor by name AccountingStatement24Q3Validtor
2018-05-15 17:55:39,704  INFO  Install ReportsVerification.Web.Services.Validation.Interfaces.IConcreteReportValidator is ReportsVerification.Web.Services.Validation.AccountingStatement.AccountingStatement24Q4Validtor by name AccountingStatement24Q4Validtor
2018-05-15 17:55:39,705  INFO  Install ReportsVerification.Web.Services.Validation.Interfaces.IConcreteReportValidator is ReportsVerification.Web.Services.Validation.AccountingStatement.AccountingStatement25Q1Validtor by name AccountingStatement25Q1Validtor
2018-05-15 17:55:39,706  INFO  Install ReportsVerification.Web.Services.Validation.Interfaces.IConcreteReportValidator is ReportsVerification.Web.Services.Validation.AccountingStatement.AccountingStatement25Q2Validtor by name AccountingStatement25Q2Validtor
2018-05-15 17:55:39,707  INFO  Install ReportsVerification.Web.Services.Validation.Interfaces.IConcreteReportValidator is ReportsVerification.Web.Services.Validation.AccountingStatement.AccountingStatement25Q3Validtor by name AccountingStatement25Q3Validtor
2018-05-15 17:55:39,708  INFO  Install ReportsVerification.Web.Services.Validation.Interfaces.IConcreteReportValidator is ReportsVerification.Web.Services.Validation.AccountingStatement.AccountingStatement25Q4Validtor by name AccountingStatement25Q4Validtor
2018-05-15 17:55:39,709  INFO  Install ReportsVerification.Web.Services.Validation.Interfaces.IConcreteReportValidator is ReportsVerification.Web.Services.Validation.AccountingStatement.AccountingStatement26Q1Validtor by name AccountingStatement26Q1Validtor
2018-05-15 17:55:39,710  INFO  Install ReportsVerification.Web.Services.Validation.Interfaces.IConcreteReportValidator is ReportsVerification.Web.Services.Validation.AccountingStatement.AccountingStatement26Q2Validtor by name AccountingStatement26Q2Validtor
2018-05-15 17:55:39,711  INFO  Install ReportsVerification.Web.Services.Validation.Interfaces.IConcreteReportValidator is ReportsVerification.Web.Services.Validation.AccountingStatement.AccountingStatement26Q3Validtor by name AccountingStatement26Q3Validtor
2018-05-15 17:55:39,713  INFO  Install ReportsVerification.Web.Services.Validation.Interfaces.IConcreteReportValidator is ReportsVerification.Web.Services.Validation.AccountingStatement.AccountingStatement26Q4Validtor by name AccountingStatement26Q4Validtor
2018-05-15 17:55:39,714  INFO  Install ReportsVerification.Web.Services.Validation.Interfaces.IConcreteReportValidator is ReportsVerification.Web.Services.Validation.AccountingStatement.AccountingStatement27Q1Validtor by name AccountingStatement27Q1Validtor
2018-05-15 17:55:39,715  INFO  Install ReportsVerification.Web.Services.Validation.Interfaces.IConcreteReportValidator is ReportsVerification.Web.Services.Validation.AccountingStatement.AccountingStatement27Q2Validtor by name AccountingStatement27Q2Validtor
2018-05-15 17:55:39,716  INFO  Install ReportsVerification.Web.Services.Validation.Interfaces.IConcreteReportValidator is ReportsVerification.Web.Services.Validation.AccountingStatement.AccountingStatement27Q3Validtor by name AccountingStatement27Q3Validtor
2018-05-15 17:55:39,717  INFO  Install ReportsVerification.Web.Services.Validation.Interfaces.IConcreteReportValidator is ReportsVerification.Web.Services.Validation.AccountingStatement.AccountingStatement27Q4Validtor by name AccountingStatement27Q4Validtor
2018-05-15 17:55:39,718  INFO  Install ReportsVerification.Web.Services.Validation.Interfaces.IConcreteReportValidator is ReportsVerification.Web.Services.Validation.AccountingStatement.AccountingStatement28Q1Validtor by name AccountingStatement28Q1Validtor
2018-05-15 17:55:39,719  INFO  Install ReportsVerification.Web.Services.Validation.Interfaces.IConcreteReportValidator is ReportsVerification.Web.Services.Validation.AccountingStatement.AccountingStatement28Q2Validtor by name AccountingStatement28Q2Validtor
2018-05-15 17:55:39,720  INFO  Install ReportsVerification.Web.Services.Validation.Interfaces.IConcreteReportValidator is ReportsVerification.Web.Services.Validation.AccountingStatement.AccountingStatement28Q3Validtor by name AccountingStatement28Q3Validtor
2018-05-15 17:55:39,721  INFO  Install ReportsVerification.Web.Services.Validation.Interfaces.IConcreteReportValidator is ReportsVerification.Web.Services.Validation.AccountingStatement.AccountingStatement28Q4Validtor by name AccountingStatement28Q4Validtor
2018-05-15 17:55:39,722  INFO  Install ReportsVerification.Web.Services.Validation.Interfaces.IConcreteReportValidator is ReportsVerification.Web.Services.Validation.AccountingStatement.AccountingStatement29Q1Validtor by name AccountingStatement29Q1Validtor
2018-05-15 17:55:39,723  INFO  Install ReportsVerification.Web.Services.Validation.Interfaces.IConcreteReportValidator is ReportsVerification.Web.Services.Validation.AccountingStatement.AccountingStatement29Q2Validtor by name AccountingStatement29Q2Validtor
2018-05-15 17:55:39,725  INFO  Install ReportsVerification.Web.Services.Validation.Interfaces.IConcreteReportValidator is ReportsVerification.Web.Services.Validation.AccountingStatement.AccountingStatement29Q3Validtor by name AccountingStatement29Q3Validtor
2018-05-15 17:55:39,726  INFO  Install ReportsVerification.Web.Services.Validation.Interfaces.IConcreteReportValidator is ReportsVerification.Web.Services.Validation.AccountingStatement.AccountingStatement29Q4Validtor by name AccountingStatement29Q4Validtor
2018-05-15 17:55:39,727  INFO  Install ReportsVerification.Web.Services.Validation.Interfaces.IConcreteReportValidator is ReportsVerification.Web.Services.Validation.AccountingStatement.AccountingStatement2Q1Validtor by name AccountingStatement2Q1Validtor
2018-05-15 17:55:39,728  INFO  Install ReportsVerification.Web.Services.Validation.Interfaces.IConcreteReportValidator is ReportsVerification.Web.Services.Validation.AccountingStatement.AccountingStatement2Q2Validtor by name AccountingStatement2Q2Validtor
2018-05-15 17:55:39,729  INFO  Install ReportsVerification.Web.Services.Validation.Interfaces.IConcreteReportValidator is ReportsVerification.Web.Services.Validation.AccountingStatement.AccountingStatement2Q3Validtor by name AccountingStatement2Q3Validtor
2018-05-15 17:55:39,730  INFO  Install ReportsVerification.Web.Services.Validation.Interfaces.IConcreteReportValidator is ReportsVerification.Web.Services.Validation.AccountingStatement.AccountingStatement2Q4Validtor by name AccountingStatement2Q4Validtor
2018-05-15 17:55:39,731  INFO  Install ReportsVerification.Web.Services.Validation.Interfaces.IConcreteReportValidator is ReportsVerification.Web.Services.Validation.AccountingStatement.AccountingStatement30Q1Validtor by name AccountingStatement30Q1Validtor
2018-05-15 17:55:39,732  INFO  Install ReportsVerification.Web.Services.Validation.Interfaces.IConcreteReportValidator is ReportsVerification.Web.Services.Validation.AccountingStatement.AccountingStatement30Q2Validtor by name AccountingStatement30Q2Validtor
2018-05-15 17:55:39,733  INFO  Install ReportsVerification.Web.Services.Validation.Interfaces.IConcreteReportValidator is ReportsVerification.Web.Services.Validation.AccountingStatement.AccountingStatement30Q3Validtor by name AccountingStatement30Q3Validtor
2018-05-15 17:55:39,734  INFO  Install ReportsVerification.Web.Services.Validation.Interfaces.IConcreteReportValidator is ReportsVerification.Web.Services.Validation.AccountingStatement.AccountingStatement30Q4Validtor by name AccountingStatement30Q4Validtor
2018-05-15 17:55:39,735  INFO  Install ReportsVerification.Web.Services.Validation.Interfaces.IConcreteReportValidator is ReportsVerification.Web.Services.Validation.AccountingStatement.AccountingStatement31Q1Validtor by name AccountingStatement31Q1Validtor
2018-05-15 17:55:39,735  INFO  Install ReportsVerification.Web.Services.Validation.Interfaces.IConcreteReportValidator is ReportsVerification.Web.Services.Validation.AccountingStatement.AccountingStatement31Q2Validtor by name AccountingStatement31Q2Validtor
2018-05-15 17:55:39,736  INFO  Install ReportsVerification.Web.Services.Validation.Interfaces.IConcreteReportValidator is ReportsVerification.Web.Services.Validation.AccountingStatement.AccountingStatement31Q3Validtor by name AccountingStatement31Q3Validtor
2018-05-15 17:55:39,737  INFO  Install ReportsVerification.Web.Services.Validation.Interfaces.IConcreteReportValidator is ReportsVerification.Web.Services.Validation.AccountingStatement.AccountingStatement31Q4Validtor by name AccountingStatement31Q4Validtor
2018-05-15 17:55:39,738  INFO  Install ReportsVerification.Web.Services.Validation.Interfaces.IConcreteReportValidator is ReportsVerification.Web.Services.Validation.AccountingStatement.AccountingStatement3Q1Validtor by name AccountingStatement3Q1Validtor
2018-05-15 17:55:39,738  INFO  Install ReportsVerification.Web.Services.Validation.Interfaces.IConcreteReportValidator is ReportsVerification.Web.Services.Validation.AccountingStatement.AccountingStatement3Q2Validtor by name AccountingStatement3Q2Validtor
2018-05-15 17:55:39,739  INFO  Install ReportsVerification.Web.Services.Validation.Interfaces.IConcreteReportValidator is ReportsVerification.Web.Services.Validation.AccountingStatement.AccountingStatement3Q3Validtor by name AccountingStatement3Q3Validtor
2018-05-15 17:55:39,740  INFO  Install ReportsVerification.Web.Services.Validation.Interfaces.IConcreteReportValidator is ReportsVerification.Web.Services.Validation.AccountingStatement.AccountingStatement3Q4Validtor by name AccountingStatement3Q4Validtor
2018-05-15 17:55:39,741  INFO  Install ReportsVerification.Web.Services.Validation.Interfaces.IConcreteReportValidator is ReportsVerification.Web.Services.Validation.AccountingStatement.AccountingStatement4Q1Validtor by name AccountingStatement4Q1Validtor
2018-05-15 17:55:39,742  INFO  Install ReportsVerification.Web.Services.Validation.Interfaces.IConcreteReportValidator is ReportsVerification.Web.Services.Validation.AccountingStatement.AccountingStatement4Q2Validtor by name AccountingStatement4Q2Validtor
2018-05-15 17:55:39,743  INFO  Install ReportsVerification.Web.Services.Validation.Interfaces.IConcreteReportValidator is ReportsVerification.Web.Services.Validation.AccountingStatement.AccountingStatement4Q3Validtor by name AccountingStatement4Q3Validtor
2018-05-15 17:55:39,743  INFO  Install ReportsVerification.Web.Services.Validation.Interfaces.IConcreteReportValidator is ReportsVerification.Web.Services.Validation.AccountingStatement.AccountingStatement4Q4Validtor by name AccountingStatement4Q4Validtor
2018-05-15 17:55:39,744  INFO  Install ReportsVerification.Web.Services.Validation.Interfaces.IConcreteReportValidator is ReportsVerification.Web.Services.Validation.AccountingStatement.AccountingStatement5Q1Validtor by name AccountingStatement5Q1Validtor
2018-05-15 17:55:39,745  INFO  Install ReportsVerification.Web.Services.Validation.Interfaces.IConcreteReportValidator is ReportsVerification.Web.Services.Validation.AccountingStatement.AccountingStatement5Q2Validtor by name AccountingStatement5Q2Validtor
2018-05-15 17:55:39,746  INFO  Install ReportsVerification.Web.Services.Validation.Interfaces.IConcreteReportValidator is ReportsVerification.Web.Services.Validation.AccountingStatement.AccountingStatement5Q3Validtor by name AccountingStatement5Q3Validtor
2018-05-15 17:55:39,747  INFO  Install ReportsVerification.Web.Services.Validation.Interfaces.IConcreteReportValidator is ReportsVerification.Web.Services.Validation.AccountingStatement.AccountingStatement5Q4Validtor by name AccountingStatement5Q4Validtor
2018-05-15 17:55:39,747  INFO  Install ReportsVerification.Web.Services.Validation.Interfaces.IConcreteReportValidator is ReportsVerification.Web.Services.Validation.AccountingStatement.AccountingStatement6Q1Validtor by name AccountingStatement6Q1Validtor
2018-05-15 17:55:39,748  INFO  Install ReportsVerification.Web.Services.Validation.Interfaces.IConcreteReportValidator is ReportsVerification.Web.Services.Validation.AccountingStatement.AccountingStatement6Q2Validtor by name AccountingStatement6Q2Validtor
2018-05-15 17:55:39,750  INFO  Install ReportsVerification.Web.Services.Validation.Interfaces.IConcreteReportValidator is ReportsVerification.Web.Services.Validation.AccountingStatement.AccountingStatement6Q3Validtor by name AccountingStatement6Q3Validtor
2018-05-15 17:55:39,751  INFO  Install ReportsVerification.Web.Services.Validation.Interfaces.IConcreteReportValidator is ReportsVerification.Web.Services.Validation.AccountingStatement.AccountingStatement6Q4Validtor by name AccountingStatement6Q4Validtor
2018-05-15 17:55:39,752  INFO  Install ReportsVerification.Web.Services.Validation.Interfaces.IConcreteReportValidator is ReportsVerification.Web.Services.Validation.AccountingStatement.AccountingStatement7Q1Validtor by name AccountingStatement7Q1Validtor
2018-05-15 17:55:39,753  INFO  Install ReportsVerification.Web.Services.Validation.Interfaces.IConcreteReportValidator is ReportsVerification.Web.Services.Validation.AccountingStatement.AccountingStatement7Q2Validtor by name AccountingStatement7Q2Validtor
2018-05-15 17:55:39,754  INFO  Install ReportsVerification.Web.Services.Validation.Interfaces.IConcreteReportValidator is ReportsVerification.Web.Services.Validation.AccountingStatement.AccountingStatement7Q3Validtor by name AccountingStatement7Q3Validtor
2018-05-15 17:55:39,755  INFO  Install ReportsVerification.Web.Services.Validation.Interfaces.IConcreteReportValidator is ReportsVerification.Web.Services.Validation.AccountingStatement.AccountingStatement7Q4Validtor by name AccountingStatement7Q4Validtor
2018-05-15 17:55:39,756  INFO  Install ReportsVerification.Web.Services.Validation.Interfaces.IConcreteReportValidator is ReportsVerification.Web.Services.Validation.AccountingStatement.AccountingStatement8Q1Validtor by name AccountingStatement8Q1Validtor
2018-05-15 17:55:39,757  INFO  Install ReportsVerification.Web.Services.Validation.Interfaces.IConcreteReportValidator is ReportsVerification.Web.Services.Validation.AccountingStatement.AccountingStatement8Q2Validtor by name AccountingStatement8Q2Validtor
2018-05-15 17:55:39,758  INFO  Install ReportsVerification.Web.Services.Validation.Interfaces.IConcreteReportValidator is ReportsVerification.Web.Services.Validation.AccountingStatement.AccountingStatement8Q3Validtor by name AccountingStatement8Q3Validtor
2018-05-15 17:55:39,759  INFO  Install ReportsVerification.Web.Services.Validation.Interfaces.IConcreteReportValidator is ReportsVerification.Web.Services.Validation.AccountingStatement.AccountingStatement8Q4Validtor by name AccountingStatement8Q4Validtor
2018-05-15 17:55:39,760  INFO  Install ReportsVerification.Web.Services.Validation.Interfaces.IConcreteReportValidator is ReportsVerification.Web.Services.Validation.AccountingStatement.AccountingStatement9Q1Validtor by name AccountingStatement9Q1Validtor
2018-05-15 17:55:39,761  INFO  Install ReportsVerification.Web.Services.Validation.Interfaces.IConcreteReportValidator is ReportsVerification.Web.Services.Validation.AccountingStatement.AccountingStatement9Q2Validtor by name AccountingStatement9Q2Validtor
2018-05-15 17:55:39,762  INFO  Install ReportsVerification.Web.Services.Validation.Interfaces.IConcreteReportValidator is ReportsVerification.Web.Services.Validation.AccountingStatement.AccountingStatement9Q3Validtor by name AccountingStatement9Q3Validtor
2018-05-15 17:55:39,763  INFO  Install ReportsVerification.Web.Services.Validation.Interfaces.IConcreteReportValidator is ReportsVerification.Web.Services.Validation.AccountingStatement.AccountingStatement9Q4Validtor by name AccountingStatement9Q4Validtor
2018-05-15 17:55:39,763  INFO  Install ReportsVerification.Web.Services.Validation.Interfaces.IConcreteReportValidator is ReportsVerification.Web.Services.Validation.AccountingStatementSimplifiedTaxation.CurencyBalance11Validator by name CurencyBalance11Validator
2018-05-15 17:55:39,764  INFO  Install ReportsVerification.Web.Services.Validation.Interfaces.IConcreteReportValidator is ReportsVerification.Web.Services.Validation.AccountingStatementSimplifiedTaxation.CurencyBalance12Validator by name CurencyBalance12Validator
2018-05-15 17:55:39,765  INFO  Install ReportsVerification.Web.Services.Validation.Interfaces.IConcreteReportValidator is ReportsVerification.Web.Services.Validation.AccountingStatementSimplifiedTaxation.CurencyBalance13Validator by name CurencyBalance13Validator
2018-05-15 17:55:39,767  INFO  Install ReportsVerification.Web.Services.Validation.Interfaces.IConcreteReportValidator is ReportsVerification.Web.Services.Validation.AccountingStatementSimplifiedTaxation.CurencyBalance14Validator by name CurencyBalance14Validator
2018-05-15 17:55:39,768  INFO  Install ReportsVerification.Web.Services.Validation.Interfaces.IConcreteReportValidator is ReportsVerification.Web.Services.Validation.AccountingStatementSimplifiedTaxation.CurencyBalance21Validator by name CurencyBalance21Validator
2018-05-15 17:55:39,769  INFO  Install ReportsVerification.Web.Services.Validation.Interfaces.IConcreteReportValidator is ReportsVerification.Web.Services.Validation.AccountingStatementSimplifiedTaxation.CurencyBalance22Validator by name CurencyBalance22Validator
2018-05-15 17:55:39,770  INFO  Install ReportsVerification.Web.Services.Validation.Interfaces.IConcreteReportValidator is ReportsVerification.Web.Services.Validation.AccountingStatementSimplifiedTaxation.CurencyBalance23Validator by name CurencyBalance23Validator
2018-05-15 17:55:39,771  INFO  Install ReportsVerification.Web.Services.Validation.Interfaces.IConcreteReportValidator is ReportsVerification.Web.Services.Validation.AccountingStatementSimplifiedTaxation.CurencyBalance24Validator by name CurencyBalance24Validator
2018-05-15 17:55:39,772  INFO  Install ReportsVerification.Web.Services.Validation.Interfaces.IConcreteReportValidator is ReportsVerification.Web.Services.Validation.AccountingStatementSimplifiedTaxation.CurencyBalance31Validator by name CurencyBalance31Validator
2018-05-15 17:55:39,773  INFO  Install ReportsVerification.Web.Services.Validation.Interfaces.IConcreteReportValidator is ReportsVerification.Web.Services.Validation.AccountingStatementSimplifiedTaxation.CurencyBalance32Validator by name CurencyBalance32Validator
2018-05-15 17:55:39,774  INFO  Install ReportsVerification.Web.Services.Validation.Interfaces.IConcreteReportValidator is ReportsVerification.Web.Services.Validation.AccountingStatementSimplifiedTaxation.CurencyBalance33Validator by name CurencyBalance33Validator
2018-05-15 17:55:39,776  INFO  Install ReportsVerification.Web.Services.Validation.Interfaces.IConcreteReportValidator is ReportsVerification.Web.Services.Validation.AccountingStatementSimplifiedTaxation.CurencyBalance34Validator by name CurencyBalance34Validator
2018-05-15 17:55:39,780  INFO  ===== RegisterCollection Install IConcretePrimaryReportValidator =====
2018-05-15 17:55:39,787  INFO  Install ReportsVerification.Web.Services.Validation.Interfaces.IConcretePrimaryReportValidator is ReportsVerification.Web.Services.Validation.PrimaryValidation.ByInnReportValidator by name ByInnReportValidator
2018-05-15 17:55:39,788  INFO  Install ReportsVerification.Web.Services.Validation.Interfaces.IConcretePrimaryReportValidator is ReportsVerification.Web.Services.Validation.PrimaryValidation.ByYearNdfl2ReportValidator by name ByYearNdfl2ReportValidator
2018-05-15 17:55:39,789  INFO  Install ReportsVerification.Web.Services.Validation.Interfaces.IConcretePrimaryReportValidator is ReportsVerification.Web.Services.Validation.PrimaryValidation.ByYearReportValidator by name ByYearReportValidator
2018-05-15 17:55:39,791  INFO  Install ReportsVerification.Web.Services.Validation.Interfaces.IConcretePrimaryReportValidator is ReportsVerification.Web.Services.Validation.PrimaryValidation.IsUniqueReportValidator by name IsUniqueReportValidator
2018-05-15 17:55:39,795  INFO  ===== RegisterCollection Install IConcreteSessionInfoRecomendation =====
2018-05-15 17:55:39,804  INFO  Install ReportsVerification.Web.Services.Interfaces.IConcreteSessionInfoRecomendation is ReportsVerification.Web.Services.SessionInfoRecomendations.SessionInfoRecomedation1 by name SessionInfoRecomedation1
2018-05-15 17:55:39,805  INFO  Install ReportsVerification.Web.Services.Interfaces.IConcreteSessionInfoRecomendation is ReportsVerification.Web.Services.SessionInfoRecomendations.SessionInfoRecomedation2 by name SessionInfoRecomedation2
2018-05-15 17:55:39,806  INFO  Install ReportsVerification.Web.Services.Interfaces.IConcreteSessionInfoRecomendation is ReportsVerification.Web.Services.SessionInfoRecomendations.SessionInfoRecomedation3 by name SessionInfoRecomedation3
2018-05-15 17:55:39,807  INFO  Install ReportsVerification.Web.Services.Interfaces.IConcreteSessionInfoRecomendation is ReportsVerification.Web.Services.SessionInfoRecomendations.SessionInfoRecomedation4 by name SessionInfoRecomedation4
2018-05-15 17:55:39,808  INFO  Install ReportsVerification.Web.Services.Interfaces.IConcreteSessionInfoRecomendation is ReportsVerification.Web.Services.SessionInfoRecomendations.SessionInfoRecomedation5 by name SessionInfoRecomedation5
2018-05-15 17:55:39,809  INFO  Install ReportsVerification.Web.Services.Interfaces.IConcreteSessionInfoRecomendation is ReportsVerification.Web.Services.SessionInfoRecomendations.SessionInfoRecomedation6 by name SessionInfoRecomedation6
2018-05-15 17:55:39,810  INFO  Install ReportsVerification.Web.Services.Interfaces.IConcreteSessionInfoRecomendation is ReportsVerification.Web.Services.SessionInfoRecomendations.SessionInfoRecomedation7 by name SessionInfoRecomedation7
2018-05-15 17:55:39,815  INFO  ===== RegisterCollection Install IReportsConcreteRecomendations =====
2018-05-15 17:55:39,823  INFO  Install ReportsVerification.Web.Services.Interfaces.IReportsConcreteRecomendations is ReportsVerification.Web.Services.ReportsRecomendations.AccountingReportingRecomendation by name AccountingReportingRecomendation
2018-05-15 17:55:39,825  INFO  Install ReportsVerification.Web.Services.Interfaces.IReportsConcreteRecomendations is ReportsVerification.Web.Services.ReportsRecomendations.CalculationAdvancePaymentRecomendation by name CalculationAdvancePaymentRecomendation
2018-05-15 17:55:39,826  INFO  Install ReportsVerification.Web.Services.Interfaces.IReportsConcreteRecomendations is ReportsVerification.Web.Services.ReportsRecomendations.CalculationContributionsRecomendation by name CalculationContributionsRecomendation
2018-05-15 17:55:39,827  INFO  Install ReportsVerification.Web.Services.Interfaces.IReportsConcreteRecomendations is ReportsVerification.Web.Services.ReportsRecomendations.DeclarationOnLandTaxRecomendation by name DeclarationOnLandTaxRecomendation
2018-05-15 17:55:39,828  INFO  Install ReportsVerification.Web.Services.Interfaces.IReportsConcreteRecomendations is ReportsVerification.Web.Services.ReportsRecomendations.DeclarationOnPropertyTaxRecomendation by name DeclarationOnPropertyTaxRecomendation
2018-05-15 17:55:39,829  INFO  Install ReportsVerification.Web.Services.Interfaces.IReportsConcreteRecomendations is ReportsVerification.Web.Services.ReportsRecomendations.EnvdRecomendation by name EnvdRecomendation
2018-05-15 17:55:39,830  INFO  Install ReportsVerification.Web.Services.Interfaces.IReportsConcreteRecomendations is ReportsVerification.Web.Services.ReportsRecomendations.Fss4Recomendation by name Fss4Recomendation
2018-05-15 17:55:39,831  INFO  Install ReportsVerification.Web.Services.Interfaces.IReportsConcreteRecomendations is ReportsVerification.Web.Services.ReportsRecomendations.Ndfl6Recomendation by name Ndfl6Recomendation
2018-05-15 17:55:39,832  INFO  Install ReportsVerification.Web.Services.Interfaces.IReportsConcreteRecomendations is ReportsVerification.Web.Services.ReportsRecomendations.SzvmReomendation by name SzvmReomendation
2018-05-15 17:55:39,834  INFO  Install ReportsVerification.Web.Services.Interfaces.IReportsConcreteRecomendations is ReportsVerification.Web.Services.ReportsRecomendations.UsnRecomendation by name UsnRecomendation
2018-05-15 17:55:39,836  INFO  Install ReportsVerification.Web.Services.Interfaces.IReportsConcreteRecomendations is ReportsVerification.Web.Services.ReportsRecomendations.TransportDeclarationRecomendation by name TransportDeclarationRecomendation
